{"uuid":"323bd422-0d4c-4b18-a792-e08e3df3c97a","name":"runners.RunnerSearch","children":["7e64c1e2-be98-4dda-9103-7d33923c3691"],"befores":[{"name":"setUpClass","status":"broken","statusDetails":{"known":false,"muted":false,"flaky":false,"message":"The plugin specification 'io.qameta.allure.cucumber7jvm.AllureCucumber7Jvm' has a problem:\n\nCould not load plugin class 'io.qameta.allure.cucumber7jvm.AllureCucumber7Jvm'.\n\nPlugin specifications should have the format of PLUGIN[:[PATH|[URI [OPTIONS]]]\n\nValid values for PLUGIN are: html, json, junit, message, pretty, progress, rerun, summary, teamcity, testng, timeline, unused, usage\n\nPLUGIN can also be a fully qualified class name, allowing registration of 3rd party plugins. The 3rd party plugin must implement io.cucumber.plugin.Plugin","trace":"java.lang.IllegalArgumentException: The plugin specification 'io.qameta.allure.cucumber7jvm.AllureCucumber7Jvm' has a problem:\n\nCould not load plugin class 'io.qameta.allure.cucumber7jvm.AllureCucumber7Jvm'.\n\nPlugin specifications should have the format of PLUGIN[:[PATH|[URI [OPTIONS]]]\n\nValid values for PLUGIN are: html, json, junit, message, pretty, progress, rerun, summary, teamcity, testng, timeline, unused, usage\n\nPLUGIN can also be a fully qualified class name, allowing registration of 3rd party plugins. The 3rd party plugin must implement io.cucumber.plugin.Plugin\r\n\tat io.cucumber.core.options.PluginOption.createCouldNotLoadClass(PluginOption.java:167)\r\n\tat io.cucumber.core.options.PluginOption.parsePluginName(PluginOption.java:145)\r\n\tat io.cucumber.core.options.PluginOption.parse(PluginOption.java:100)\r\n\tat io.cucumber.core.options.RuntimeOptionsBuilder.addPluginName(RuntimeOptionsBuilder.java:68)\r\n\tat io.cucumber.core.options.CucumberOptionsAnnotationParser.addPlugins(CucumberOptionsAnnotationParser.java:85)\r\n\tat io.cucumber.core.options.CucumberOptionsAnnotationParser.parse(CucumberOptionsAnnotationParser.java:39)\r\n\tat io.cucumber.testng.TestNGCucumberRunner.<init>(TestNGCucumberRunner.java:85)\r\n\tat io.cucumber.testng.AbstractTestNGCucumberTests.setUpClass(AbstractTestNGCucumberTests.java:27)\r\n\tat java.base/jdk.internal.reflect.NativeMethodAccessorImpl.invoke0(Native Method)\r\n\tat java.base/jdk.internal.reflect.NativeMethodAccessorImpl.invoke(NativeMethodAccessorImpl.java:77)\r\n\tat java.base/jdk.internal.reflect.DelegatingMethodAccessorImpl.invoke(DelegatingMethodAccessorImpl.java:43)\r\n\tat java.base/java.lang.reflect.Method.invoke(Method.java:568)\r\n\tat org.testng.internal.invokers.MethodInvocationHelper.invokeMethod(MethodInvocationHelper.java:139)\r\n\tat org.testng.internal.invokers.MethodInvocationHelper.invokeMethodConsideringTimeout(MethodInvocationHelper.java:69)\r\n\tat org.testng.internal.invokers.ConfigInvoker.invokeConfigurationMethod(ConfigInvoker.java:390)\r\n\tat org.testng.internal.invokers.ConfigInvoker.invokeConfigurations(ConfigInvoker.java:325)\r\n\tat org.testng.internal.invokers.TestMethodWorker.invokeBeforeClassMethods(TestMethodWorker.java:180)\r\n\tat org.testng.internal.invokers.TestMethodWorker.run(TestMethodWorker.java:122)\r\n\tat java.base/java.util.ArrayList.forEach(ArrayList.java:1511)\r\n\tat org.testng.TestRunner.privateRun(TestRunner.java:848)\r\n\tat org.testng.TestRunner.run(TestRunner.java:621)\r\n\tat org.testng.SuiteRunner.runTest(SuiteRunner.java:443)\r\n\tat org.testng.SuiteRunner.runSequentially(SuiteRunner.java:437)\r\n\tat org.testng.SuiteRunner.privateRun(SuiteRunner.java:397)\r\n\tat org.testng.SuiteRunner.run(SuiteRunner.java:336)\r\n\tat org.testng.SuiteRunnerWorker.runSuite(SuiteRunnerWorker.java:52)\r\n\tat org.testng.SuiteRunnerWorker.run(SuiteRunnerWorker.java:95)\r\n\tat org.testng.TestNG.runSuitesSequentially(TestNG.java:1280)\r\n\tat org.testng.TestNG.runSuitesLocally(TestNG.java:1200)\r\n\tat org.testng.TestNG.runSuites(TestNG.java:1114)\r\n\tat org.testng.TestNG.run(TestNG.java:1082)\r\n\tat com.intellij.rt.testng.IDEARemoteTestNG.run(IDEARemoteTestNG.java:66)\r\n\tat com.intellij.rt.testng.RemoteTestNGStarter.main(RemoteTestNGStarter.java:109)\r\nCaused by: java.lang.ClassNotFoundException: io.qameta.allure.cucumber7jvm.AllureCucumber7Jvm\r\n\tat java.base/jdk.internal.loader.BuiltinClassLoader.loadClass(BuiltinClassLoader.java:641)\r\n\tat java.base/jdk.internal.loader.ClassLoaders$AppClassLoader.loadClass(ClassLoaders.java:188)\r\n\tat java.base/java.lang.ClassLoader.loadClass(ClassLoader.java:520)\r\n\tat io.cucumber.core.options.PluginOption.parsePluginName(PluginOption.java:139)\r\n\t... 31 more\r\n"},"stage":"finished","description":"","steps":[],"attachments":[],"parameters":[],"start":1697389545994,"stop":1697389546041}],"afters":[{"name":"tearDownClass","status":"passed","stage":"finished","description":"","steps":[],"attachments":[],"parameters":[],"start":1697389546154,"stop":1697389546154}],"start":1697389545943,"stop":1697389546166}